<?xml version="1.0" encoding="UTF-8"?>
<testsuite xmlns:xsi="http://www.w3.org/2001/XMLSchema-instance" xsi:noNamespaceSchemaLocation="https://maven.apache.org/surefire/maven-surefire-plugin/xsd/surefire-test-report.xsd" name="suites.TestSuite" time="32.926" tests="4" errors="2" skipped="0" failures="0">
  <properties>
    <property name="awt.toolkit" value="sun.awt.X11.XToolkit"/>
    <property name="java.specification.version" value="11"/>
    <property name="sun.cpu.isalist" value=""/>
    <property name="sun.jnu.encoding" value="UTF-8"/>
    <property name="java.class.path" value="/home/iag/Development/JavaAppiumMaven/target/test-classes:/home/iag/Development/JavaAppiumMaven/target/classes:/home/iag/.m2/repository/junit/junit/4.12/junit-4.12.jar:/home/iag/.m2/repository/org/hamcrest/hamcrest-core/1.3/hamcrest-core-1.3.jar:/home/iag/.m2/repository/io/appium/java-client/6.1.0/java-client-6.1.0.jar:/home/iag/.m2/repository/org/seleniumhq/selenium/selenium-java/3.12.0/selenium-java-3.12.0.jar:/home/iag/.m2/repository/org/seleniumhq/selenium/selenium-chrome-driver/3.12.0/selenium-chrome-driver-3.12.0.jar:/home/iag/.m2/repository/org/seleniumhq/selenium/selenium-edge-driver/3.12.0/selenium-edge-driver-3.12.0.jar:/home/iag/.m2/repository/org/seleniumhq/selenium/selenium-firefox-driver/3.12.0/selenium-firefox-driver-3.12.0.jar:/home/iag/.m2/repository/org/seleniumhq/selenium/selenium-ie-driver/3.12.0/selenium-ie-driver-3.12.0.jar:/home/iag/.m2/repository/org/seleniumhq/selenium/selenium-opera-driver/3.12.0/selenium-opera-driver-3.12.0.jar:/home/iag/.m2/repository/org/seleniumhq/selenium/selenium-remote-driver/3.12.0/selenium-remote-driver-3.12.0.jar:/home/iag/.m2/repository/org/seleniumhq/selenium/selenium-safari-driver/3.12.0/selenium-safari-driver-3.12.0.jar:/home/iag/.m2/repository/net/bytebuddy/byte-buddy/1.8.3/byte-buddy-1.8.3.jar:/home/iag/.m2/repository/org/apache/commons/commons-exec/1.3/commons-exec-1.3.jar:/home/iag/.m2/repository/commons-codec/commons-codec/1.10/commons-codec-1.10.jar:/home/iag/.m2/repository/commons-logging/commons-logging/1.2/commons-logging-1.2.jar:/home/iag/.m2/repository/com/google/guava/guava/23.6-jre/guava-23.6-jre.jar:/home/iag/.m2/repository/com/google/code/findbugs/jsr305/1.3.9/jsr305-1.3.9.jar:/home/iag/.m2/repository/org/checkerframework/checker-compat-qual/2.0.0/checker-compat-qual-2.0.0.jar:/home/iag/.m2/repository/com/google/errorprone/error_prone_annotations/2.1.3/error_prone_annotations-2.1.3.jar:/home/iag/.m2/repository/com/google/j2objc/j2objc-annotations/1.1/j2objc-annotations-1.1.jar:/home/iag/.m2/repository/org/codehaus/mojo/animal-sniffer-annotations/1.14/animal-sniffer-annotations-1.14.jar:/home/iag/.m2/repository/org/apache/httpcomponents/httpcore/4.4.6/httpcore-4.4.6.jar:/home/iag/.m2/repository/com/squareup/okhttp3/okhttp/3.9.1/okhttp-3.9.1.jar:/home/iag/.m2/repository/com/squareup/okio/okio/1.13.0/okio-1.13.0.jar:/home/iag/.m2/repository/org/seleniumhq/selenium/selenium-support/3.12.0/selenium-support-3.12.0.jar:/home/iag/.m2/repository/org/seleniumhq/selenium/selenium-api/3.12.0/selenium-api-3.12.0.jar:/home/iag/.m2/repository/com/google/code/gson/gson/2.8.4/gson-2.8.4.jar:/home/iag/.m2/repository/org/apache/httpcomponents/httpclient/4.5.5/httpclient-4.5.5.jar:/home/iag/.m2/repository/cglib/cglib/3.2.6/cglib-3.2.6.jar:/home/iag/.m2/repository/org/ow2/asm/asm/6.0/asm-6.0.jar:/home/iag/.m2/repository/org/apache/ant/ant/1.9.6/ant-1.9.6.jar:/home/iag/.m2/repository/org/apache/ant/ant-launcher/1.9.6/ant-launcher-1.9.6.jar:/home/iag/.m2/repository/commons-validator/commons-validator/1.6/commons-validator-1.6.jar:/home/iag/.m2/repository/commons-beanutils/commons-beanutils/1.9.2/commons-beanutils-1.9.2.jar:/home/iag/.m2/repository/commons-digester/commons-digester/1.8.1/commons-digester-1.8.1.jar:/home/iag/.m2/repository/commons-collections/commons-collections/3.2.2/commons-collections-3.2.2.jar:/home/iag/.m2/repository/org/apache/commons/commons-lang3/3.7/commons-lang3-3.7.jar:/home/iag/.m2/repository/commons-io/commons-io/2.6/commons-io-2.6.jar:/home/iag/.m2/repository/org/springframework/spring-context/5.0.5.RELEASE/spring-context-5.0.5.RELEASE.jar:/home/iag/.m2/repository/org/springframework/spring-aop/5.0.5.RELEASE/spring-aop-5.0.5.RELEASE.jar:/home/iag/.m2/repository/org/springframework/spring-beans/5.0.5.RELEASE/spring-beans-5.0.5.RELEASE.jar:/home/iag/.m2/repository/org/springframework/spring-core/5.0.5.RELEASE/spring-core-5.0.5.RELEASE.jar:/home/iag/.m2/repository/org/springframework/spring-jcl/5.0.5.RELEASE/spring-jcl-5.0.5.RELEASE.jar:/home/iag/.m2/repository/org/springframework/spring-expression/5.0.5.RELEASE/spring-expression-5.0.5.RELEASE.jar:/home/iag/.m2/repository/org/openpnp/opencv/3.2.0-1/opencv-3.2.0-1.jar:/home/iag/.m2/repository/io/qameta/allure/allure-junit4/2.8.1/allure-junit4-2.8.1.jar:/home/iag/.m2/repository/io/qameta/allure/allure-java-commons/2.8.1/allure-java-commons-2.8.1.jar:/home/iag/.m2/repository/io/qameta/allure/allure-model/2.8.1/allure-model-2.8.1.jar:/home/iag/.m2/repository/com/fasterxml/jackson/core/jackson-databind/2.9.7/jackson-databind-2.9.7.jar:/home/iag/.m2/repository/com/fasterxml/jackson/core/jackson-annotations/2.9.0/jackson-annotations-2.9.0.jar:/home/iag/.m2/repository/com/fasterxml/jackson/core/jackson-core/2.9.7/jackson-core-2.9.7.jar:/home/iag/.m2/repository/org/apache/tika/tika-core/1.19.1/tika-core-1.19.1.jar:/home/iag/.m2/repository/org/aspectj/aspectjrt/1.9.1/aspectjrt-1.9.1.jar:/home/iag/.m2/repository/org/jooq/joor-java-8/0.9.9/joor-java-8-0.9.9.jar:/home/iag/.m2/repository/org/aspectj/aspectjweaver/1.9.5/aspectjweaver-1.9.5.jar:/home/iag/.m2/repository/org/slf4j/slf4j-api/1.7.30/slf4j-api-1.7.30.jar:/home/iag/.m2/repository/org/slf4j/slf4j-log4j12/1.7.30/slf4j-log4j12-1.7.30.jar:/home/iag/.m2/repository/log4j/log4j/1.2.17/log4j-1.2.17.jar:"/>
    <property name="java.vm.vendor" value="Debian"/>
    <property name="sun.arch.data.model" value="64"/>
    <property name="java.vendor.url" value="https://tracker.debian.org/openjdk-11"/>
    <property name="user.timezone" value=""/>
    <property name="java.vm.specification.version" value="11"/>
    <property name="os.name" value="Linux"/>
    <property name="sun.java.launcher" value="SUN_STANDARD"/>
    <property name="user.country" value="RU"/>
    <property name="sun.boot.library.path" value="/usr/lib/jvm/java-11-openjdk-amd64/lib"/>
    <property name="sun.java.command" value="/home/iag/Development/JavaAppiumMaven/target/surefire/surefirebooter8125082435550304835.jar /home/iag/Development/JavaAppiumMaven/target/surefire 2022-01-07T14-10-13_353-jvmRun1 surefire16988618374996672609tmp surefire_012469931378364578703tmp"/>
    <property name="jdk.debug" value="release"/>
    <property name="test" value="TestSuite"/>
    <property name="surefire.test.class.path" value="/home/iag/Development/JavaAppiumMaven/target/test-classes:/home/iag/Development/JavaAppiumMaven/target/classes:/home/iag/.m2/repository/junit/junit/4.12/junit-4.12.jar:/home/iag/.m2/repository/org/hamcrest/hamcrest-core/1.3/hamcrest-core-1.3.jar:/home/iag/.m2/repository/io/appium/java-client/6.1.0/java-client-6.1.0.jar:/home/iag/.m2/repository/org/seleniumhq/selenium/selenium-java/3.12.0/selenium-java-3.12.0.jar:/home/iag/.m2/repository/org/seleniumhq/selenium/selenium-chrome-driver/3.12.0/selenium-chrome-driver-3.12.0.jar:/home/iag/.m2/repository/org/seleniumhq/selenium/selenium-edge-driver/3.12.0/selenium-edge-driver-3.12.0.jar:/home/iag/.m2/repository/org/seleniumhq/selenium/selenium-firefox-driver/3.12.0/selenium-firefox-driver-3.12.0.jar:/home/iag/.m2/repository/org/seleniumhq/selenium/selenium-ie-driver/3.12.0/selenium-ie-driver-3.12.0.jar:/home/iag/.m2/repository/org/seleniumhq/selenium/selenium-opera-driver/3.12.0/selenium-opera-driver-3.12.0.jar:/home/iag/.m2/repository/org/seleniumhq/selenium/selenium-remote-driver/3.12.0/selenium-remote-driver-3.12.0.jar:/home/iag/.m2/repository/org/seleniumhq/selenium/selenium-safari-driver/3.12.0/selenium-safari-driver-3.12.0.jar:/home/iag/.m2/repository/net/bytebuddy/byte-buddy/1.8.3/byte-buddy-1.8.3.jar:/home/iag/.m2/repository/org/apache/commons/commons-exec/1.3/commons-exec-1.3.jar:/home/iag/.m2/repository/commons-codec/commons-codec/1.10/commons-codec-1.10.jar:/home/iag/.m2/repository/commons-logging/commons-logging/1.2/commons-logging-1.2.jar:/home/iag/.m2/repository/com/google/guava/guava/23.6-jre/guava-23.6-jre.jar:/home/iag/.m2/repository/com/google/code/findbugs/jsr305/1.3.9/jsr305-1.3.9.jar:/home/iag/.m2/repository/org/checkerframework/checker-compat-qual/2.0.0/checker-compat-qual-2.0.0.jar:/home/iag/.m2/repository/com/google/errorprone/error_prone_annotations/2.1.3/error_prone_annotations-2.1.3.jar:/home/iag/.m2/repository/com/google/j2objc/j2objc-annotations/1.1/j2objc-annotations-1.1.jar:/home/iag/.m2/repository/org/codehaus/mojo/animal-sniffer-annotations/1.14/animal-sniffer-annotations-1.14.jar:/home/iag/.m2/repository/org/apache/httpcomponents/httpcore/4.4.6/httpcore-4.4.6.jar:/home/iag/.m2/repository/com/squareup/okhttp3/okhttp/3.9.1/okhttp-3.9.1.jar:/home/iag/.m2/repository/com/squareup/okio/okio/1.13.0/okio-1.13.0.jar:/home/iag/.m2/repository/org/seleniumhq/selenium/selenium-support/3.12.0/selenium-support-3.12.0.jar:/home/iag/.m2/repository/org/seleniumhq/selenium/selenium-api/3.12.0/selenium-api-3.12.0.jar:/home/iag/.m2/repository/com/google/code/gson/gson/2.8.4/gson-2.8.4.jar:/home/iag/.m2/repository/org/apache/httpcomponents/httpclient/4.5.5/httpclient-4.5.5.jar:/home/iag/.m2/repository/cglib/cglib/3.2.6/cglib-3.2.6.jar:/home/iag/.m2/repository/org/ow2/asm/asm/6.0/asm-6.0.jar:/home/iag/.m2/repository/org/apache/ant/ant/1.9.6/ant-1.9.6.jar:/home/iag/.m2/repository/org/apache/ant/ant-launcher/1.9.6/ant-launcher-1.9.6.jar:/home/iag/.m2/repository/commons-validator/commons-validator/1.6/commons-validator-1.6.jar:/home/iag/.m2/repository/commons-beanutils/commons-beanutils/1.9.2/commons-beanutils-1.9.2.jar:/home/iag/.m2/repository/commons-digester/commons-digester/1.8.1/commons-digester-1.8.1.jar:/home/iag/.m2/repository/commons-collections/commons-collections/3.2.2/commons-collections-3.2.2.jar:/home/iag/.m2/repository/org/apache/commons/commons-lang3/3.7/commons-lang3-3.7.jar:/home/iag/.m2/repository/commons-io/commons-io/2.6/commons-io-2.6.jar:/home/iag/.m2/repository/org/springframework/spring-context/5.0.5.RELEASE/spring-context-5.0.5.RELEASE.jar:/home/iag/.m2/repository/org/springframework/spring-aop/5.0.5.RELEASE/spring-aop-5.0.5.RELEASE.jar:/home/iag/.m2/repository/org/springframework/spring-beans/5.0.5.RELEASE/spring-beans-5.0.5.RELEASE.jar:/home/iag/.m2/repository/org/springframework/spring-core/5.0.5.RELEASE/spring-core-5.0.5.RELEASE.jar:/home/iag/.m2/repository/org/springframework/spring-jcl/5.0.5.RELEASE/spring-jcl-5.0.5.RELEASE.jar:/home/iag/.m2/repository/org/springframework/spring-expression/5.0.5.RELEASE/spring-expression-5.0.5.RELEASE.jar:/home/iag/.m2/repository/org/openpnp/opencv/3.2.0-1/opencv-3.2.0-1.jar:/home/iag/.m2/repository/io/qameta/allure/allure-junit4/2.8.1/allure-junit4-2.8.1.jar:/home/iag/.m2/repository/io/qameta/allure/allure-java-commons/2.8.1/allure-java-commons-2.8.1.jar:/home/iag/.m2/repository/io/qameta/allure/allure-model/2.8.1/allure-model-2.8.1.jar:/home/iag/.m2/repository/com/fasterxml/jackson/core/jackson-databind/2.9.7/jackson-databind-2.9.7.jar:/home/iag/.m2/repository/com/fasterxml/jackson/core/jackson-annotations/2.9.0/jackson-annotations-2.9.0.jar:/home/iag/.m2/repository/com/fasterxml/jackson/core/jackson-core/2.9.7/jackson-core-2.9.7.jar:/home/iag/.m2/repository/org/apache/tika/tika-core/1.19.1/tika-core-1.19.1.jar:/home/iag/.m2/repository/org/aspectj/aspectjrt/1.9.1/aspectjrt-1.9.1.jar:/home/iag/.m2/repository/org/jooq/joor-java-8/0.9.9/joor-java-8-0.9.9.jar:/home/iag/.m2/repository/org/aspectj/aspectjweaver/1.9.5/aspectjweaver-1.9.5.jar:/home/iag/.m2/repository/org/slf4j/slf4j-api/1.7.30/slf4j-api-1.7.30.jar:/home/iag/.m2/repository/org/slf4j/slf4j-log4j12/1.7.30/slf4j-log4j12-1.7.30.jar:/home/iag/.m2/repository/log4j/log4j/1.2.17/log4j-1.2.17.jar:"/>
    <property name="allure.results.directory" value="/home/iag/Development/JavaAppiumMaven/target/allure-results"/>
    <property name="sun.cpu.endian" value="little"/>
    <property name="user.home" value="/home/iag"/>
    <property name="user.language" value="ru"/>
    <property name="java.specification.vendor" value="Oracle Corporation"/>
    <property name="java.version.date" value="2021-10-19"/>
    <property name="java.home" value="/usr/lib/jvm/java-11-openjdk-amd64"/>
    <property name="file.separator" value="/"/>
    <property name="basedir" value="/home/iag/Development/JavaAppiumMaven"/>
    <property name="java.vm.compressedOopsMode" value="Zero based"/>
    <property name="line.separator" value="&#10;"/>
    <property name="java.specification.name" value="Java Platform API Specification"/>
    <property name="java.vm.specification.vendor" value="Oracle Corporation"/>
    <property name="java.awt.graphicsenv" value="sun.awt.X11GraphicsEnvironment"/>
    <property name="surefire.real.class.path" value="/home/iag/Development/JavaAppiumMaven/target/surefire/surefirebooter8125082435550304835.jar"/>
    <property name="sun.management.compiler" value="HotSpot 64-Bit Tiered Compilers"/>
    <property name="java.runtime.version" value="11.0.13+8-post-Debian-1deb11u1"/>
    <property name="user.name" value="iag"/>
    <property name="path.separator" value=":"/>
    <property name="os.version" value="5.14.0-0.bpo.2-amd64"/>
    <property name="java.runtime.name" value="OpenJDK Runtime Environment"/>
    <property name="file.encoding" value="UTF-8"/>
    <property name="java.vm.name" value="OpenJDK 64-Bit Server VM"/>
    <property name="localRepository" value="/home/iag/.m2/repository"/>
    <property name="java.vendor.url.bug" value="https://bugs.debian.org/openjdk-11"/>
    <property name="java.io.tmpdir" value="/tmp"/>
    <property name="java.version" value="11.0.13"/>
    <property name="user.dir" value="/home/iag/Development/JavaAppiumMaven"/>
    <property name="os.arch" value="amd64"/>
    <property name="java.vm.specification.name" value="Java Virtual Machine Specification"/>
    <property name="java.awt.printerjob" value="sun.print.PSPrinterJob"/>
    <property name="sun.os.patch.level" value="unknown"/>
    <property name="java.library.path" value="/usr/java/packages/lib:/usr/lib/x86_64-linux-gnu/jni:/lib/x86_64-linux-gnu:/usr/lib/x86_64-linux-gnu:/usr/lib/jni:/lib:/usr/lib"/>
    <property name="java.vm.info" value="mixed mode, sharing"/>
    <property name="java.vendor" value="Debian"/>
    <property name="java.vm.version" value="11.0.13+8-post-Debian-1deb11u1"/>
    <property name="sun.io.unicode.encoding" value="UnicodeLittle"/>
    <property name="java.class.version" value="55.0"/>
  </properties>
  <testcase name="testAssertThatElementIsPresent" classname="Tests.ArticleTests" time="3.483"/>
  <testcase name="testCompareArticleTitle" classname="Tests.ArticleTests" time="7.218">
    <error message="Expected condition failed: Cannot locate element to send keys to&#10; (tried for 5 second(s) with 500 milliseconds interval)" type="org.openqa.selenium.TimeoutException">org.openqa.selenium.TimeoutException: 
Expected condition failed: Cannot locate element to send keys to
 (tried for 5 second(s) with 500 milliseconds interval)
	at Tests.ArticleTests.testCompareArticleTitle_aroundBody4(ArticleTests.java:121)
	at Tests.ArticleTests.testCompareArticleTitle(ArticleTests.java:117)
Caused by: org.openqa.selenium.NoSuchElementException: 
Cannot locate an element using By.cssSelector: form>input[type='search']
For documentation on this error, please visit: http://seleniumhq.org/exceptions/no_such_element.html
Build info: version: '3.12.0', revision: '7c6e0b3', time: '2018-05-08T14:04:26.12Z'
System info: host: 'iag-b550', ip: '127.0.1.1', os.name: 'Linux', os.arch: 'amd64', os.version: '5.14.0-0.bpo.2-amd64', java.version: '11.0.13'
Driver info: driver.version: unknown
	at Tests.ArticleTests.testCompareArticleTitle_aroundBody4(ArticleTests.java:121)
	at Tests.ArticleTests.testCompareArticleTitle(ArticleTests.java:117)
</error>
    <system-err><![CDATA[Starting ChromeDriver 96.0.4664.45 (76e4c1bb2ab4671b8beba3444e61c0f17584b2fc-refs/branch-heads/4664@{#947}) on port 29762
Only local connections are allowed.
Please see https://chromedriver.chromium.org/security-considerations for suggestions on keeping ChromeDriver safe.
ChromeDriver was started successfully.
[1641550217,990][WARNING]: This version of ChromeDriver has not been tested with Chrome version 97.
янв. 07, 2022 2:10:18 PM org.openqa.selenium.remote.ProtocolHandshake createSession
INFO: Detected dialect: W3C
]]></system-err>
  </testcase>
  <testcase name="testSavingTwoArticles" classname="Tests.ArticleTests" time="15.019"/>
  <testcase name="testCheckIfSearchResultsPresent" classname="Tests.SearchTests" time="7.112">
    <error message="Expected condition failed: Cannot locate element to send keys to&#10; (tried for 5 second(s) with 500 milliseconds interval)" type="org.openqa.selenium.TimeoutException">org.openqa.selenium.TimeoutException: 
Expected condition failed: Cannot locate element to send keys to
 (tried for 5 second(s) with 500 milliseconds interval)
	at Tests.SearchTests.testCheckIfSearchResultsPresent_aroundBody0(SearchTests.java:24)
	at Tests.SearchTests.testCheckIfSearchResultsPresent(SearchTests.java:22)
Caused by: org.openqa.selenium.NoSuchElementException: 
Cannot locate an element using By.cssSelector: form>input[type='search']
For documentation on this error, please visit: http://seleniumhq.org/exceptions/no_such_element.html
Build info: version: '3.12.0', revision: '7c6e0b3', time: '2018-05-08T14:04:26.12Z'
System info: host: 'iag-b550', ip: '127.0.1.1', os.name: 'Linux', os.arch: 'amd64', os.version: '5.14.0-0.bpo.2-amd64', java.version: '11.0.13'
Driver info: driver.version: unknown
	at Tests.SearchTests.testCheckIfSearchResultsPresent_aroundBody0(SearchTests.java:24)
	at Tests.SearchTests.testCheckIfSearchResultsPresent(SearchTests.java:22)
</error>
    <system-err><![CDATA[Starting ChromeDriver 96.0.4664.45 (76e4c1bb2ab4671b8beba3444e61c0f17584b2fc-refs/branch-heads/4664@{#947}) on port 10314
Only local connections are allowed.
Please see https://chromedriver.chromium.org/security-considerations for suggestions on keeping ChromeDriver safe.
ChromeDriver was started successfully.
[1641550240,212][WARNING]: This version of ChromeDriver has not been tested with Chrome version 97.
янв. 07, 2022 2:10:40 PM org.openqa.selenium.remote.ProtocolHandshake createSession
INFO: Detected dialect: W3C
]]></system-err>
  </testcase>
</testsuite>